e:\advanced c++\final project\final project\debug\vc141.pdb
e:\advanced c++\final project\final project\debug\vc141.idb
e:\advanced c++\final project\final project\debug\stocklisttype.obj
e:\advanced c++\final project\final project\debug\stocktype.obj
e:\advanced c++\final project\final project\debug\main.obj
e:\advanced c++\final project\final project\debug\reportwriter.obj
e:\advanced c++\final project\final project\debug\stockapp.obj
e:\advanced c++\final project\debug\final project.ilk
e:\advanced c++\final project\debug\final project.exe
e:\advanced c++\final project\debug\final project.pdb
e:\advanced c++\final project\final project\debug\main.obj.enc
e:\advanced c++\final project\final project\debug\reportwriter.obj.enc
e:\advanced c++\final project\final project\debug\stockapp.obj.enc
e:\advanced c++\final project\final project\debug\stocklisttype.obj.enc
e:\advanced c++\final project\final project\debug\final project.tlog\cl.command.1.tlog
e:\advanced c++\final project\final project\debug\final project.tlog\cl.read.1.tlog
e:\advanced c++\final project\final project\debug\final project.tlog\cl.write.1.tlog
e:\advanced c++\final project\final project\debug\final project.tlog\link.command.1.tlog
e:\advanced c++\final project\final project\debug\final project.tlog\link.read.1.tlog
e:\advanced c++\final project\final project\debug\final project.tlog\link.write.1.tlog
